1650026147674	geckodriver	INFO	Listening on 127.0.0.1:51825
1650026148187	mozrunner::runner	INFO	Running command: "/usr/bin/firefox" "--marionette" "--remote-debugging-port" "34249" "-no-remote" "-profile" "/tmp/rust_mozprofile8az7ns"
1650026148935	Marionette	INFO	Marionette enabled
console.warn: SearchSettings: "get: No settings file exists, new profile?" (new NotFoundError("Could not open the file at /tmp/rust_mozprofile8az7ns/search.json.mozlz4", (void 0)))
DevTools listening on ws://localhost:34249/devtools/browser/a2adb2a1-f77b-43f2-8135-d0034d1135bd
1650026151298	Marionette	INFO	Listening on port 35541
1650026151432	RemoteAgent	WARN	TLS certificate errors will be ignored for this session
JavaScript error: http://selenium1py.pythonanywhere.com/ru/accounts/login/, line 624: ReferenceError: oscar is not defined
1650026158070	Marionette	INFO	Stopped listening on port 35541

###!!! [Parent][PImageBridgeParent] Error: RunMessage(msgname=PImageBridge::Msg_WillClose) Channel closing: too late to send/recv, messages will be lost

1650026159161	geckodriver	INFO	Listening on 127.0.0.1:41611
1650026159676	mozrunner::runner	INFO	Running command: "/usr/bin/firefox" "--marionette" "--remote-debugging-port" "55749" "-no-remote" "-profile" "/tmp/rust_mozprofilecxXsQt"
1650026160494	Marionette	INFO	Marionette enabled
console.warn: SearchSettings: "get: No settings file exists, new profile?" (new NotFoundError("Could not open the file at /tmp/rust_mozprofilecxXsQt/search.json.mozlz4", (void 0)))
DevTools listening on ws://localhost:55749/devtools/browser/18cce0c5-d337-4fad-b82b-32acbb17277e
1650026162599	Marionette	INFO	Listening on port 45323
1650026162709	RemoteAgent	WARN	TLS certificate errors will be ignored for this session
JavaScript error: http://selenium1py.pythonanywhere.com/ru/accounts/login/, line 624: ReferenceError: oscar is not defined
1650026174166	Marionette	INFO	Stopped listening on port 45323

###!!! [Parent][PImageBridgeParent] Error: RunMessage(msgname=PImageBridge::Msg_WillClose) Channel closing: too late to send/recv, messages will be lost

1650026175192	geckodriver	INFO	Listening on 127.0.0.1:41917
1650026175706	mozrunner::runner	INFO	Running command: "/usr/bin/firefox" "--marionette" "--remote-debugging-port" "43543" "-no-remote" "-profile" "/tmp/rust_mozprofiletk58em"
1650026176452	Marionette	INFO	Marionette enabled
console.warn: SearchSettings: "get: No settings file exists, new profile?" (new NotFoundError("Could not open the file at /tmp/rust_mozprofiletk58em/search.json.mozlz4", (void 0)))
DevTools listening on ws://localhost:43543/devtools/browser/beec103a-933e-4210-bd9e-589387419e00
1650026178696	Marionette	INFO	Listening on port 41575
1650026178747	RemoteAgent	WARN	TLS certificate errors will be ignored for this session
JavaScript error: http://selenium1py.pythonanywhere.com/ru/accounts/login/, line 624: ReferenceError: oscar is not defined
1650026180570	Marionette	INFO	Stopped listening on port 41575

###!!! [Parent][PImageBridgeParent] Error: RunMessage(msgname=PImageBridge::Msg_WillClose) Channel closing: too late to send/recv, messages will be lost

1650026313831	geckodriver	INFO	Listening on 127.0.0.1:47313
1650026313845	mozrunner::runner	INFO	Running command: "/usr/bin/firefox" "--marionette" "--remote-debugging-port" "48711" "-no-remote" "-profile" "/tmp/rust_mozprofileBxk2Rt"
1650026314649	Marionette	INFO	Marionette enabled
console.warn: SearchSettings: "get: No settings file exists, new profile?" (new NotFoundError("Could not open the file at /tmp/rust_mozprofileBxk2Rt/search.json.mozlz4", (void 0)))
DevTools listening on ws://localhost:48711/devtools/browser/78640933-3fc8-4eab-9919-6a8731352bec
1650026316992	Marionette	INFO	Listening on port 35245
1650026317083	RemoteAgent	WARN	TLS certificate errors will be ignored for this session
JavaScript error: http://selenium1py.pythonanywhere.com/ru/accounts/login/, line 624: ReferenceError: oscar is not defined
1650026321003	Marionette	INFO	Stopped listening on port 35245
1650026321890	geckodriver	INFO	Listening on 127.0.0.1:41487
1650026322404	mozrunner::runner	INFO	Running command: "/usr/bin/firefox" "--marionette" "--remote-debugging-port" "40129" "-no-remote" "-profile" "/tmp/rust_mozprofilezBVCDn"
1650026323163	Marionette	INFO	Marionette enabled
console.warn: SearchSettings: "get: No settings file exists, new profile?" (new NotFoundError("Could not open the file at /tmp/rust_mozprofilezBVCDn/search.json.mozlz4", (void 0)))
DevTools listening on ws://localhost:40129/devtools/browser/900608ad-f626-4a39-a374-c542bd7dbd9c
1650026325336	Marionette	INFO	Listening on port 37091
1650026325433	RemoteAgent	WARN	TLS certificate errors will be ignored for this session
JavaScript error: http://selenium1py.pythonanywhere.com/ru/accounts/login/, line 624: ReferenceError: oscar is not defined
1650026327416	Marionette	INFO	Stopped listening on port 37091
1650026328420	geckodriver	INFO	Listening on 127.0.0.1:36595
1650026328432	mozrunner::runner	INFO	Running command: "/usr/bin/firefox" "--marionette" "--remote-debugging-port" "33945" "-no-remote" "-profile" "/tmp/rust_mozprofilem6vMZu"
1650026329231	Marionette	INFO	Marionette enabled
console.warn: SearchSettings: "get: No settings file exists, new profile?" (new NotFoundError("Could not open the file at /tmp/rust_mozprofilem6vMZu/search.json.mozlz4", (void 0)))
DevTools listening on ws://localhost:33945/devtools/browser/32017970-5ded-4a7c-8544-b1648fceaaf0
1650026331444	Marionette	INFO	Listening on port 44139
1650026331564	RemoteAgent	WARN	TLS certificate errors will be ignored for this session
JavaScript error: http://selenium1py.pythonanywhere.com/ru/accounts/login/, line 624: ReferenceError: oscar is not defined
1650026333258	Marionette	INFO	Stopped listening on port 44139
1650026506748	geckodriver	INFO	Listening on 127.0.0.1:51025
1650026506761	mozrunner::runner	INFO	Running command: "/usr/bin/firefox" "--marionette" "--remote-debugging-port" "35191" "-no-remote" "-profile" "/tmp/rust_mozprofileGxlqw1"
1650026507579	Marionette	INFO	Marionette enabled
console.warn: SearchSettings: "get: No settings file exists, new profile?" (new NotFoundError("Could not open the file at /tmp/rust_mozprofileGxlqw1/search.json.mozlz4", (void 0)))
DevTools listening on ws://localhost:35191/devtools/browser/ff4e5e3a-23fc-420d-86bf-7b6687376710
1650026509952	Marionette	INFO	Listening on port 44945
1650026509994	RemoteAgent	WARN	TLS certificate errors will be ignored for this session
JavaScript error: http://selenium1py.pythonanywhere.com/ru/accounts/login/, line 624: ReferenceError: oscar is not defined
1650026512079	Marionette	INFO	Stopped listening on port 44945
1650026513073	geckodriver	INFO	Listening on 127.0.0.1:42273
1650026513592	mozrunner::runner	INFO	Running command: "/usr/bin/firefox" "--marionette" "--remote-debugging-port" "41919" "-no-remote" "-profile" "/tmp/rust_mozprofileRPQIsI"
1650026514384	Marionette	INFO	Marionette enabled
console.warn: SearchSettings: "get: No settings file exists, new profile?" (new NotFoundError("Could not open the file at /tmp/rust_mozprofileRPQIsI/search.json.mozlz4", (void 0)))
DevTools listening on ws://localhost:41919/devtools/browser/1e0c66e5-1230-454d-b851-7c597dcd9fdd
1650026516461	Marionette	INFO	Listening on port 43993
1650026516526	RemoteAgent	WARN	TLS certificate errors will be ignored for this session
JavaScript error: http://selenium1py.pythonanywhere.com/ru/accounts/login/, line 624: ReferenceError: oscar is not defined
1650026518452	Marionette	INFO	Stopped listening on port 43993
1650026519593	geckodriver	INFO	Listening on 127.0.0.1:38905
1650026520107	mozrunner::runner	INFO	Running command: "/usr/bin/firefox" "--marionette" "--remote-debugging-port" "33285" "-no-remote" "-profile" "/tmp/rust_mozprofilevWR71W"
1650026520879	Marionette	INFO	Marionette enabled
console.warn: SearchSettings: "get: No settings file exists, new profile?" (new NotFoundError("Could not open the file at /tmp/rust_mozprofilevWR71W/search.json.mozlz4", (void 0)))
DevTools listening on ws://localhost:33285/devtools/browser/c54a5a68-d28b-411d-9054-3fb3f1b9e86b
1650026522890	Marionette	INFO	Listening on port 43815
1650026522944	RemoteAgent	WARN	TLS certificate errors will be ignored for this session
JavaScript error: http://selenium1py.pythonanywhere.com/ru/accounts/login/, line 624: ReferenceError: oscar is not defined
1650026524629	Marionette	INFO	Stopped listening on port 43815
